================================================================
Program: CD-HIT, V4.6 (+OpenMP), Mar 04 2016, 09:33:19
Command: /home/oasis/data/NGS-ann-project/apps/cd-hit/cd-hit
         -i 1485045753.fas.0 -d 0 -o 1485045753.fas.1 -c 1 -n 5
         -G 1 -g 1 -b 20 -s 0.0 -aL 0.0 -aS 0.0 -T 4 -M 32000

Started: Sun Jan 22 00:46:18 2017
================================================================
                            Output                              
----------------------------------------------------------------
total seq: 2520
longest and shortest : 501 and 30
Total letters: 257545
Sequences have been sorted

Approximated minimal memory consumption:
Sequence        : 0M
Buffer          : 4 X 10M = 42M
Table           : 2 X 65M = 130M
Miscellaneous   : 0M
Total           : 173M

Table limit with the given memory limit:
Max number of representatives: 4000000
Max number of word counting entries: 3978266248

# comparing sequences from          0  to        420
---------- new table with      387 representatives
# comparing sequences from        420  to        770
...................----------    177 remaining sequences to the next cycle
---------- new table with      173 representatives
# comparing sequences from        593  to        914
...................----------    216 remaining sequences to the next cycle
---------- new table with      102 representatives
# comparing sequences from        698  to       1001
...................----------    201 remaining sequences to the next cycle
---------- new table with      100 representatives
# comparing sequences from        800  to       1086
...................----------    163 remaining sequences to the next cycle
---------- new table with      117 representatives
# comparing sequences from        923  to       1189
....................----------    154 remaining sequences to the next cycle
---------- new table with      104 representatives
# comparing sequences from       1035  to       1282
...................----------    142 remaining sequences to the next cycle
---------- new table with      100 representatives
# comparing sequences from       1140  to       1370
....................----------    126 remaining sequences to the next cycle
---------- new table with      102 representatives
# comparing sequences from       1244  to       1456
...................----------     22 remaining sequences to the next cycle
---------- new table with      100 representatives
# comparing sequences from       1434  to       1615
..................----------     80 remaining sequences to the next cycle
---------- new table with      100 representatives
# comparing sequences from       1535  to       2520
.....................---------- new table with      805 representatives

     2520  finished       2190  clusters

Apprixmated maximum memory consumption: 174M
writing new database
writing clustering information
program completed !

Total CPU time 0.42
