================================================================
Program: CD-HIT, V4.6 (+OpenMP), Mar 04 2016, 09:33:19
Command: /home/oasis/data/NGS-ann-project/apps/cd-hit/cd-hit
         -i 1485043216.fas.0 -d 0 -o 1485043216.fas.1 -c 1 -n 5
         -G 1 -g 1 -b 20 -s 0.0 -aL 0.0 -aS 0.0 -T 4 -M 32000

Started: Sat Jan 21 23:57:19 2017
================================================================
                            Output                              
----------------------------------------------------------------
total seq: 33
longest and shortest : 175 and 62
Total letters: 3731
Sequences have been sorted

Approximated minimal memory consumption:
Sequence        : 0M
Buffer          : 4 X 10M = 42M
Table           : 2 X 65M = 130M
Miscellaneous   : 0M
Total           : 172M

Table limit with the given memory limit:
Max number of representatives: 4000000
Max number of word counting entries: 3978398962

# comparing sequences from          0  to         33
---------- new table with       24 representatives

       33  finished         24  clusters

Apprixmated maximum memory consumption: 172M
writing new database
writing clustering information
program completed !

Total CPU time 0.15
