================================================================
Program: CD-HIT, V4.6 (+OpenMP), Mar 04 2016, 09:33:19
Command: /home/oasis/data/NGS-ann-project/apps/cd-hit/cd-hit
         -i 1485044147.fas.0 -d 0 -o 1485044147.fas.1 -c 1 -n 5
         -G 1 -g 1 -b 20 -s 0.0 -aL 0.0 -aS 0.0 -T 4 -M 32000

Started: Sun Jan 22 00:14:48 2017
================================================================
                            Output                              
----------------------------------------------------------------
total seq: 2350
longest and shortest : 332 and 34
Total letters: 269968
Sequences have been sorted

Approximated minimal memory consumption:
Sequence        : 0M
Buffer          : 4 X 10M = 42M
Table           : 2 X 65M = 130M
Miscellaneous   : 0M
Total           : 173M

Table limit with the given memory limit:
Max number of representatives: 4000000
Max number of word counting entries: 3978287326

# comparing sequences from          0  to        391
---------- new table with      349 representatives
# comparing sequences from        391  to        717
....................----------    126 remaining sequences to the next cycle
---------- new table with      100 representatives
# comparing sequences from        591  to        884
...................----------    134 remaining sequences to the next cycle
---------- new table with      100 representatives
# comparing sequences from        750  to       1016
...................----------    158 remaining sequences to the next cycle
---------- new table with      100 representatives
# comparing sequences from        858  to       1106
....................----------    112 remaining sequences to the next cycle
---------- new table with      126 representatives
# comparing sequences from        994  to       1220
....................----------    109 remaining sequences to the next cycle
---------- new table with      108 representatives
# comparing sequences from       1111  to       1317
...................----------     98 remaining sequences to the next cycle
---------- new table with      100 representatives
# comparing sequences from       1219  to       1407
...................----------     84 remaining sequences to the next cycle
---------- new table with      100 representatives
# comparing sequences from       1323  to       1494
...................----------     56 remaining sequences to the next cycle
---------- new table with      100 representatives
# comparing sequences from       1438  to       2350
.....................---------- new table with      830 representatives

     2350  finished       2013  clusters

Apprixmated maximum memory consumption: 174M
writing new database
writing clustering information
program completed !

Total CPU time 0.44
