================================================================
Program: CD-HIT, V4.6 (+OpenMP), Mar 04 2016, 09:33:19
Command: /home/oasis/data/NGS-ann-project/apps/cd-hit/cd-hit
         -i 1485044989.fas.0 -d 0 -o 1485044989.fas.1 -c 1 -n 5
         -G 1 -g 1 -b 20 -s 0.0 -aL 0.0 -aS 0.0 -T 4 -M 32000

Started: Sun Jan 22 00:40:18 2017
================================================================
                            Output                              
----------------------------------------------------------------
total seq: 1201
longest and shortest : 443 and 31
Total letters: 124673
Sequences have been sorted

Approximated minimal memory consumption:
Sequence        : 0M
Buffer          : 4 X 10M = 42M
Table           : 2 X 65M = 130M
Miscellaneous   : 0M
Total           : 173M

Table limit with the given memory limit:
Max number of representatives: 4000000
Max number of word counting entries: 3978324217

# comparing sequences from          0  to        200
---------- new table with      151 representatives
# comparing sequences from        200  to        366
..................----------     54 remaining sequences to the next cycle
---------- new table with      100 representatives
# comparing sequences from        312  to       1201
.....................---------- new table with      684 representatives

     1201  finished        935  clusters

Apprixmated maximum memory consumption: 173M
writing new database
writing clustering information
program completed !

Total CPU time 0.21
